gpu:0
Preparing data...
Preparing done...
average sequence length: 163.50
Epoch 1 iteration 0: 1.3932280540466309
Epoch 1 iteration 10: 1.3245246410369873
Epoch 1 iteration 20: 1.2357004880905151
Epoch 1 iteration 30: 1.1550915241241455
Epoch 1 iteration 40: 1.103062391281128
Epoch 2 iteration 0: 1.060494065284729
Epoch 2 iteration 10: 1.0448250770568848
Epoch 2 iteration 20: 1.0289937257766724
Epoch 2 iteration 30: 1.035818099975586
Epoch 2 iteration 40: 0.9952906370162964
Epoch 3 iteration 0: 1.0021804571151733
Epoch 3 iteration 10: 0.9869474768638611
Epoch 3 iteration 20: 1.0232101678848267
Epoch 3 iteration 30: 1.0112733840942383
Epoch 3 iteration 40: 0.9600445032119751
Epoch 4 iteration 0: 0.9833731055259705
Epoch 4 iteration 10: 0.9575084447860718
Epoch 4 iteration 20: 0.9729374051094055
Epoch 4 iteration 30: 0.9716721773147583
Epoch 4 iteration 40: 0.965061604976654
Epoch 5 iteration 0: 0.9805629849433899
Epoch 5 iteration 10: 0.9610279202461243
Epoch 5 iteration 20: 0.9355607628822327
Epoch 5 iteration 30: 0.9227983951568604
Epoch 5 iteration 40: 0.941415011882782
Epoch 6 iteration 0: 0.9298564195632935
Epoch 6 iteration 10: 0.9148852825164795
Epoch 6 iteration 20: 0.9194993376731873
Epoch 6 iteration 30: 0.9100611209869385
Epoch 6 iteration 40: 0.8811001777648926
Epoch 7 iteration 0: 0.9062499403953552
Epoch 7 iteration 10: 0.8837421536445618
Epoch 7 iteration 20: 0.8749547004699707
Epoch 7 iteration 30: 0.8780573606491089
Epoch 7 iteration 40: 0.8414666652679443
Epoch 8 iteration 0: 0.8517223596572876
Epoch 8 iteration 10: 0.8243025541305542
Epoch 8 iteration 20: 0.8331621885299683
Epoch 8 iteration 30: 0.8393015265464783
Epoch 8 iteration 40: 0.8106908202171326
Epoch 9 iteration 0: 0.8289374709129333
Epoch 9 iteration 10: 0.7779026031494141
Epoch 9 iteration 20: 0.7767883539199829
Epoch 9 iteration 30: 0.7766906023025513
Epoch 9 iteration 40: 0.7979115843772888
Epoch 10 iteration 0: 0.7511049509048462
Epoch 10 iteration 10: 0.8143408894538879
Epoch 10 iteration 20: 0.7773252129554749
Epoch 10 iteration 30: 0.7612677812576294
Epoch 10 iteration 40: 0.7639691233634949
Epoch 11 iteration 0: 0.7681863307952881
Epoch 11 iteration 10: 0.7615604400634766
Epoch 11 iteration 20: 0.7612916827201843
Epoch 11 iteration 30: 0.7843771576881409
Epoch 11 iteration 40: 0.7342096567153931
Epoch 12 iteration 0: 0.7180455327033997
Epoch 12 iteration 10: 0.7506701350212097
Epoch 12 iteration 20: 0.7311455607414246
Epoch 12 iteration 30: 0.7217992544174194
Epoch 12 iteration 40: 0.7437864542007446
Epoch 13 iteration 0: 0.707018256187439
Epoch 13 iteration 10: 0.7195019125938416
Epoch 13 iteration 20: 0.6990318894386292
Epoch 13 iteration 30: 0.6929052472114563
Epoch 13 iteration 40: 0.7121611833572388
Epoch 14 iteration 0: 0.680012583732605
Epoch 14 iteration 10: 0.687461256980896
Epoch 14 iteration 20: 0.681927502155304
Epoch 14 iteration 30: 0.692244291305542
Epoch 14 iteration 40: 0.6914740800857544
Epoch 15 iteration 0: 0.6588473916053772
Epoch 15 iteration 10: 0.6812323331832886
Epoch 15 iteration 20: 0.6773322224617004
Epoch 15 iteration 30: 0.6945546269416809
Epoch 15 iteration 40: 0.6656031012535095
Epoch 16 iteration 0: 0.6580975651741028
Epoch 16 iteration 10: 0.6640142202377319
Epoch 16 iteration 20: 0.6773232221603394
Epoch 16 iteration 30: 0.6804707050323486
Epoch 16 iteration 40: 0.6813104152679443
Epoch 17 iteration 0: 0.6753464937210083
Epoch 17 iteration 10: 0.6475329995155334
Epoch 17 iteration 20: 0.6188074946403503
Epoch 17 iteration 30: 0.6264141201972961
Epoch 17 iteration 40: 0.6385927200317383
Epoch 18 iteration 0: 0.6351269483566284
Epoch 18 iteration 10: 0.6631395816802979
Epoch 18 iteration 20: 0.6637669205665588
Epoch 18 iteration 30: 0.6371151208877563
Epoch 18 iteration 40: 0.6475597620010376
Epoch 19 iteration 0: 0.6124399304389954
Epoch 19 iteration 10: 0.6415382027626038
Epoch 19 iteration 20: 0.621823251247406
Epoch 19 iteration 30: 0.5949066281318665
Epoch 19 iteration 40: 0.6136167049407959
Epoch 20 iteration 0: 0.6197539567947388
Epoch 20 iteration 10: 0.6239554286003113
Epoch 20 iteration 20: 0.6230636239051819
Epoch 20 iteration 30: 0.6174631714820862
Epoch 20 iteration 40: 0.6270514726638794
Epoch 21 iteration 0: 0.6547423601150513
Epoch 21 iteration 10: 0.6546770334243774
Epoch 21 iteration 20: 0.5880324840545654
Epoch 21 iteration 30: 0.600275456905365
Epoch 21 iteration 40: 0.6266316175460815
Epoch 22 iteration 0: 0.6497247815132141
Epoch 22 iteration 10: 0.6169908046722412
Epoch 22 iteration 20: 0.6013403534889221
Epoch 22 iteration 30: 0.6216285824775696
Epoch 22 iteration 40: 0.604070246219635
Epoch 23 iteration 0: 0.5901502966880798
Epoch 23 iteration 10: 0.58396977186203
Epoch 23 iteration 20: 0.6144245266914368
Epoch 23 iteration 30: 0.5951716899871826
Epoch 23 iteration 40: 0.5619703531265259
Epoch 24 iteration 0: 0.6028239130973816
Epoch 24 iteration 10: 0.5922514796257019
Epoch 24 iteration 20: 0.5757461786270142
Epoch 24 iteration 30: 0.5828635096549988
Epoch 24 iteration 40: 0.6240164637565613
Epoch 25 iteration 0: 0.5892532467842102
Epoch 25 iteration 10: 0.5613765716552734
Epoch 25 iteration 20: 0.5938031077384949
Epoch 25 iteration 30: 0.5604426860809326
Epoch 25 iteration 40: 0.5791298747062683
Epoch 26 iteration 0: 0.5613052845001221
Epoch 26 iteration 10: 0.5578240156173706
Epoch 26 iteration 20: 0.5855603218078613
Epoch 26 iteration 30: 0.5655427575111389
Epoch 26 iteration 40: 0.5217893123626709
Epoch 27 iteration 0: 0.5616673827171326
Epoch 27 iteration 10: 0.5254034996032715
Epoch 27 iteration 20: 0.5546600818634033
Epoch 27 iteration 30: 0.5514395833015442
Epoch 27 iteration 40: 0.5461260676383972
Epoch 28 iteration 0: 0.5721498131752014
Epoch 28 iteration 10: 0.5576025247573853
Epoch 28 iteration 20: 0.5795279145240784
Epoch 28 iteration 30: 0.5851255655288696
Epoch 28 iteration 40: 0.5581659078598022
Epoch 29 iteration 0: 0.5266799330711365
Epoch 29 iteration 10: 0.5408813953399658
Epoch 29 iteration 20: 0.5604506134986877
Epoch 29 iteration 30: 0.5526303648948669
Epoch 29 iteration 40: 0.5361608862876892
Epoch 30 iteration 0: 0.5398992896080017
Epoch 30 iteration 10: 0.5734719634056091
Epoch 30 iteration 20: 0.5528116226196289
Epoch 30 iteration 30: 0.5846573114395142
Epoch 30 iteration 40: 0.5691566467285156
Epoch 31 iteration 0: 0.504319429397583
Epoch 31 iteration 10: 0.5392524003982544
Epoch 31 iteration 20: 0.5527477860450745
Epoch 31 iteration 30: 0.5433123707771301
Epoch 31 iteration 40: 0.540634274482727
Epoch 32 iteration 0: 0.5451982617378235
Epoch 32 iteration 10: 0.5600740909576416
Epoch 32 iteration 20: 0.5557584762573242
Epoch 32 iteration 30: 0.5528068542480469
Epoch 32 iteration 40: 0.556814432144165
Epoch 33 iteration 0: 0.5500450134277344
Epoch 33 iteration 10: 0.5393630862236023
Epoch 33 iteration 20: 0.5679150223731995
Epoch 33 iteration 30: 0.5250845551490784
Epoch 33 iteration 40: 0.50715172290802
Epoch 34 iteration 0: 0.5343511700630188
Epoch 34 iteration 10: 0.5292016267776489
Epoch 34 iteration 20: 0.5550398230552673
Epoch 34 iteration 30: 0.5200440883636475
Epoch 34 iteration 40: 0.5560346245765686
Epoch 35 iteration 0: 0.5446678400039673
Epoch 35 iteration 10: 0.5343464612960815
Epoch 35 iteration 20: 0.5138434767723083
Epoch 35 iteration 30: 0.5282756090164185
Epoch 35 iteration 40: 0.5103178024291992
Epoch 36 iteration 0: 0.4997149109840393
Epoch 36 iteration 10: 0.57462477684021
Epoch 36 iteration 20: 0.5345386266708374
Epoch 36 iteration 30: 0.535064697265625
Epoch 36 iteration 40: 0.5322675704956055
Epoch 37 iteration 0: 0.5123509168624878
Epoch 37 iteration 10: 0.5344753861427307
Epoch 37 iteration 20: 0.5122902989387512
Epoch 37 iteration 30: 0.5078389644622803
Epoch 37 iteration 40: 0.5124015808105469
Epoch 38 iteration 0: 0.5031394958496094
Epoch 38 iteration 10: 0.510672390460968
Epoch 38 iteration 20: 0.5163441896438599
Epoch 38 iteration 30: 0.5191400647163391
Epoch 38 iteration 40: 0.4940589964389801
Epoch 39 iteration 0: 0.5454362034797668
Epoch 39 iteration 10: 0.5093954801559448
Epoch 39 iteration 20: 0.5130980014801025
Epoch 39 iteration 30: 0.499138742685318
Epoch 39 iteration 40: 0.5058875679969788
Epoch 40 iteration 0: 0.45954111218452454
Epoch 40 iteration 10: 0.5426414012908936
Epoch 40 iteration 20: 0.5208059549331665
Epoch 40 iteration 30: 0.4761195778846741
Epoch 40 iteration 40: 0.5031526684761047
Epoch 41 iteration 0: 0.49461260437965393
Epoch 41 iteration 10: 0.500935435295105
Epoch 41 iteration 20: 0.5081985592842102
Epoch 41 iteration 30: 0.5229852199554443
Epoch 41 iteration 40: 0.475994348526001
Epoch 42 iteration 0: 0.4765535593032837
Epoch 42 iteration 10: 0.5137526988983154
Epoch 42 iteration 20: 0.4918169379234314
Epoch 42 iteration 30: 0.487612247467041
Epoch 42 iteration 40: 0.5121457576751709
Epoch 43 iteration 0: 0.5032392144203186
Epoch 43 iteration 10: 0.5020409822463989
Epoch 43 iteration 20: 0.49083778262138367
Epoch 43 iteration 30: 0.45798224210739136
Epoch 43 iteration 40: 0.49259036779403687
Epoch 44 iteration 0: 0.5032590627670288
Epoch 44 iteration 10: 0.5084009170532227
Epoch 44 iteration 20: 0.49311158061027527
Epoch 44 iteration 30: 0.49383655190467834
Epoch 44 iteration 40: 0.4866351783275604
Epoch 45 iteration 0: 0.49236011505126953
Epoch 45 iteration 10: 0.49374526739120483
Epoch 45 iteration 20: 0.4985402524471283
Epoch 45 iteration 30: 0.4707791805267334
Epoch 45 iteration 40: 0.4990066587924957
Epoch 46 iteration 0: 0.48774781823158264
Epoch 46 iteration 10: 0.48249179124832153
Epoch 46 iteration 20: 0.4929104149341583
Epoch 46 iteration 30: 0.4840100109577179
Epoch 46 iteration 40: 0.4678288400173187
Epoch 47 iteration 0: 0.49501675367355347
Epoch 47 iteration 10: 0.5121474862098694
Epoch 47 iteration 20: 0.47967442870140076
Epoch 47 iteration 30: 0.5076689124107361
Epoch 47 iteration 40: 0.4816124439239502
Epoch 48 iteration 0: 0.5047495365142822
Epoch 48 iteration 10: 0.45786628127098083
Epoch 48 iteration 20: 0.47987815737724304
Epoch 48 iteration 30: 0.4792308211326599
Epoch 48 iteration 40: 0.47598621249198914
Epoch 49 iteration 0: 0.46884462237358093
Epoch 49 iteration 10: 0.4780747890472412
Epoch 49 iteration 20: 0.48346227407455444
Epoch 49 iteration 30: 0.48741185665130615
Epoch 49 iteration 40: 0.4651069939136505
Epoch 50 iteration 0: 0.4620901048183441
Epoch 50 iteration 10: 0.4825265109539032
Epoch 50 iteration 20: 0.46608486771583557
Epoch 50 iteration 30: 0.47743722796440125
Epoch 50 iteration 40: 0.4914131760597229
Epoch 51 iteration 0: 0.4877956807613373
Epoch 51 iteration 10: 0.48395392298698425
Epoch 51 iteration 20: 0.4727866053581238
Epoch 51 iteration 30: 0.47515958547592163
Epoch 51 iteration 40: 0.47375521063804626
Epoch 52 iteration 0: 0.45281943678855896
Epoch 52 iteration 10: 0.45941731333732605
Epoch 52 iteration 20: 0.4687761962413788
Epoch 52 iteration 30: 0.4897415041923523
Epoch 52 iteration 40: 0.46513399481773376
Epoch 53 iteration 0: 0.46482378244400024
Epoch 53 iteration 10: 0.46464869379997253
Epoch 53 iteration 20: 0.4625357985496521
Epoch 53 iteration 30: 0.4808356761932373
Epoch 53 iteration 40: 0.47728338837623596
Epoch 54 iteration 0: 0.45668208599090576
Epoch 54 iteration 10: 0.47063806653022766
Epoch 54 iteration 20: 0.4808550477027893
Epoch 54 iteration 30: 0.49342238903045654
Epoch 54 iteration 40: 0.47323569655418396
Epoch 55 iteration 0: 0.4719916582107544
Epoch 55 iteration 10: 0.46785295009613037
Epoch 55 iteration 20: 0.5016921162605286
Epoch 55 iteration 30: 0.4654836356639862
Epoch 55 iteration 40: 0.4665880799293518
Epoch 56 iteration 0: 0.46756982803344727
Epoch 56 iteration 10: 0.4757847487926483
Epoch 56 iteration 20: 0.4639629125595093
Epoch 56 iteration 30: 0.4723847508430481
Epoch 56 iteration 40: 0.44528791308403015
Epoch 57 iteration 0: 0.43624162673950195
Epoch 57 iteration 10: 0.4370943009853363
Epoch 57 iteration 20: 0.4491080641746521
Epoch 57 iteration 30: 0.4586922824382782
Epoch 57 iteration 40: 0.4773411750793457
Epoch 58 iteration 0: 0.4580647647380829
Epoch 58 iteration 10: 0.4288555979728699
Epoch 58 iteration 20: 0.4854391813278198
Epoch 58 iteration 30: 0.4712471663951874
Epoch 58 iteration 40: 0.4660201072692871
Epoch 59 iteration 0: 0.45042407512664795
Epoch 59 iteration 10: 0.4386710822582245
Epoch 59 iteration 20: 0.4198756814002991
Epoch 59 iteration 30: 0.44772258400917053
Epoch 59 iteration 40: 0.4834956228733063
Epoch 60 iteration 0: 0.4470672607421875
Epoch 60 iteration 10: 0.4112343192100525
Epoch 60 iteration 20: 0.45079320669174194
Epoch 60 iteration 30: 0.4481131136417389
Epoch 60 iteration 40: 0.4428004324436188
/usr/local/lib/python3.8/dist-packages/paddle/tensor/creation.py:130: DeprecationWarning: `np.object` is a deprecated alias for the builtin `object`. To silence this warning, use `object` by itself. Doing this will not modify any behavior and is safe. 
Deprecated in NumPy 1.20; for more details and guidance: https://numpy.org/devdocs/release/1.20.0-notes.html#deprecations
  if data.dtype == np.object:
/usr/local/lib/python3.8/dist-packages/paddle/fluid/framework.py:744: DeprecationWarning: `np.bool` is a deprecated alias for the builtin `bool`. To silence this warning, use `bool` by itself. Doing this will not modify any behavior and is safe. If you specifically wanted the numpy scalar type, use `np.bool_` here.
Deprecated in NumPy 1.20; for more details and guidance: https://numpy.org/devdocs/release/1.20.0-notes.html#deprecations
  elif dtype == np.bool:
/usr/local/lib/python3.8/dist-packages/paddle/fluid/dygraph/math_op_patch.py:251: UserWarning: The dtype of left and right variables are not the same, left dtype is paddle.float32, but right dtype is paddle.bool, the right dtype will convert to paddle.float32
  warnings.warn(
/usr/local/lib/python3.8/dist-packages/paddle/fluid/dygraph/math_op_patch.py:251: UserWarning: The dtype of left and right variables are not the same, left dtype is paddle.float32, but right dtype is paddle.int64, the right dtype will convert to paddle.float32
  warnings.warn(
Evaluating...

  0%|          | 0/6040 [00:00<?, ?it/s]
  5%|▍         | 296/6040 [00:05<01:37, 59.19it/s]
 10%|▉         | 592/6040 [00:10<01:33, 58.39it/s]
 15%|█▍        | 884/6040 [00:15<01:29, 57.79it/s]
 19%|█▉        | 1173/6040 [00:20<01:25, 57.20it/s]
 25%|██▍       | 1480/6040 [00:25<01:17, 58.69it/s]
 29%|██▉       | 1774/6040 [00:30<01:12, 58.62it/s]
 34%|███▍      | 2068/6040 [00:35<01:08, 58.39it/s]
 39%|███▉      | 2360/6040 [00:40<01:03, 58.09it/s]
 44%|████▍     | 2651/6040 [00:45<00:59, 56.73it/s]
 49%|████▊     | 2935/6040 [00:51<00:55, 55.91it/s]
 53%|█████▎    | 3216/6040 [00:56<00:50, 55.97it/s]
 58%|█████▊    | 3505/6040 [01:01<00:44, 56.47it/s]
 63%|██████▎   | 3793/6040 [01:06<00:39, 56.78it/s]
 68%|██████▊   | 4084/6040 [01:11<00:34, 57.20it/s]
 72%|███████▏  | 4371/6040 [01:16<00:29, 56.62it/s]
 77%|███████▋  | 4655/6040 [01:21<00:24, 56.12it/s]
 82%|████████▏ | 4943/6040 [01:26<00:19, 56.52it/s]
 87%|████████▋ | 5231/6040 [01:31<00:14, 56.83it/s]
 91%|█████████▏| 5524/6040 [01:36<00:08, 57.35it/s]
 96%|█████████▌| 5811/6040 [01:41<00:04, 57.06it/s]
100%|██████████| 6040/6040 [01:45<00:00, 57.07it/s]
Epoch:60, time: 90.191576(s) 
valid (NDCG@10: 0.5824, HR@10: 0.8175)

  0%|          | 0/6040 [00:00<?, ?it/s]
  5%|▍         | 295/6040 [00:05<01:37, 58.95it/s]
 10%|█         | 604/6040 [00:10<01:29, 60.52it/s]
 15%|█▌        | 907/6040 [00:15<01:27, 58.77it/s]
 20%|██        | 1211/6040 [00:20<01:21, 59.51it/s]
 25%|██▍       | 1509/6040 [00:25<01:17, 58.55it/s]
 30%|██▉       | 1802/6040 [00:30<01:13, 57.67it/s]
 35%|███▍      | 2092/6040 [00:35<01:08, 57.74it/s]
 40%|███▉      | 2401/6040 [00:40<01:01, 58.96it/s]
 45%|████▍     | 2708/6040 [00:45<00:55, 59.67it/s]
 50%|████▉     | 3016/6040 [00:50<00:50, 60.21it/s]
 55%|█████▍    | 3318/6040 [00:56<00:45, 59.52it/s]
 60%|█████▉    | 3619/6040 [01:01<00:40, 59.72it/s]
 65%|██████▌   | 3936/6040 [01:06<00:34, 60.79it/s]
 70%|███████   | 4241/6040 [01:11<00:29, 60.52it/s]
 75%|███████▌  | 4548/6040 [01:16<00:24, 60.78it/s]
 80%|████████  | 4853/6040 [01:21<00:19, 60.70it/s]
 85%|████████▌ | 5157/6040 [01:26<00:14, 59.37it/s]
 90%|█████████ | 5465/6040 [01:31<00:09, 59.97it/s]
 95%|█████████▌| 5766/6040 [01:36<00:04, 59.73it/s]
100%|██████████| 6040/6040 [01:41<00:00, 59.56it/s]test (NDCG@10: 0.5558, HR@10: 0.7932)
Epoch 61 iteration 0: 0.45801711082458496
Epoch 61 iteration 10: 0.4421714246273041
Epoch 61 iteration 20: 0.44216349720954895
Epoch 61 iteration 30: 0.4423859119415283
Epoch 61 iteration 40: 0.4350498616695404
Epoch 62 iteration 0: 0.44229575991630554
Epoch 62 iteration 10: 0.4778602123260498
Epoch 62 iteration 20: 0.4623531997203827
Epoch 62 iteration 30: 0.4566722512245178
Epoch 62 iteration 40: 0.4465210437774658
Epoch 63 iteration 0: 0.4575577676296234
Epoch 63 iteration 10: 0.42475003004074097
Epoch 63 iteration 20: 0.46654802560806274
Epoch 63 iteration 30: 0.4689812958240509
Epoch 63 iteration 40: 0.4767300486564636
Epoch 64 iteration 0: 0.4579198956489563
Epoch 64 iteration 10: 0.4469827115535736
Epoch 64 iteration 20: 0.42442330718040466
Epoch 64 iteration 30: 0.44964927434921265
Epoch 64 iteration 40: 0.46407392621040344
Epoch 65 iteration 0: 0.4601738154888153
Epoch 65 iteration 10: 0.45421209931373596
Epoch 65 iteration 20: 0.4506232440471649
Epoch 65 iteration 30: 0.4412975013256073
Epoch 65 iteration 40: 0.48115527629852295
Epoch 66 iteration 0: 0.448041707277298
Epoch 66 iteration 10: 0.4416329860687256
Epoch 66 iteration 20: 0.46194684505462646
Epoch 66 iteration 30: 0.452305406332016
Epoch 66 iteration 40: 0.46358686685562134
Epoch 67 iteration 0: 0.45098161697387695
Epoch 67 iteration 10: 0.41181373596191406
Epoch 67 iteration 20: 0.44054320454597473
Epoch 67 iteration 30: 0.4389788806438446
Epoch 67 iteration 40: 0.43855807185173035
Epoch 68 iteration 0: 0.48298895359039307
Epoch 68 iteration 10: 0.43658459186553955
Epoch 68 iteration 20: 0.43558743596076965
Epoch 68 iteration 30: 0.47416800260543823
Epoch 68 iteration 40: 0.463941752910614
Epoch 69 iteration 0: 0.4603155553340912
Epoch 69 iteration 10: 0.4265472888946533
Epoch 69 iteration 20: 0.44108882546424866
Epoch 69 iteration 30: 0.45300033688545227
Epoch 69 iteration 40: 0.4329478144645691
Epoch 70 iteration 0: 0.42830103635787964
Epoch 70 iteration 10: 0.45818349719047546
Epoch 70 iteration 20: 0.4313393831253052
Epoch 70 iteration 30: 0.4430719316005707
Epoch 70 iteration 40: 0.44447556138038635
Epoch 71 iteration 0: 0.43025630712509155
Epoch 71 iteration 10: 0.4183991849422455
Epoch 71 iteration 20: 0.43264269828796387
Epoch 71 iteration 30: 0.4341278374195099
Epoch 71 iteration 40: 0.4582021236419678
Epoch 72 iteration 0: 0.44078361988067627
Epoch 72 iteration 10: 0.45233118534088135
Epoch 72 iteration 20: 0.4111967086791992
Epoch 72 iteration 30: 0.4176345467567444
Epoch 72 iteration 40: 0.4222331941127777
Epoch 73 iteration 0: 0.426047682762146
Epoch 73 iteration 10: 0.39233142137527466
Epoch 73 iteration 20: 0.43303894996643066
Epoch 73 iteration 30: 0.42025306820869446
Epoch 73 iteration 40: 0.45325228571891785
Epoch 74 iteration 0: 0.4207908511161804
Epoch 74 iteration 10: 0.39451271295547485
Epoch 74 iteration 20: 0.4312354028224945
Epoch 74 iteration 30: 0.4414675533771515
Epoch 74 iteration 40: 0.4248559772968292
Epoch 75 iteration 0: 0.455706387758255
Epoch 75 iteration 10: 0.4743698239326477
Epoch 75 iteration 20: 0.4519442021846771
Epoch 75 iteration 30: 0.44445428252220154
Epoch 75 iteration 40: 0.4562382102012634
Epoch 76 iteration 0: 0.4386441707611084
Epoch 76 iteration 10: 0.4344608187675476
Epoch 76 iteration 20: 0.44265782833099365
Epoch 76 iteration 30: 0.4284452795982361
Epoch 76 iteration 40: 0.46078914403915405
Epoch 77 iteration 0: 0.44372454285621643
Epoch 77 iteration 10: 0.4365790784358978
Epoch 77 iteration 20: 0.4781038165092468
Epoch 77 iteration 30: 0.4401455521583557
Epoch 77 iteration 40: 0.4410862624645233
Epoch 78 iteration 0: 0.42192891240119934
Epoch 78 iteration 10: 0.4545500576496124
Epoch 78 iteration 20: 0.4479762315750122
Epoch 78 iteration 30: 0.41744861006736755
Epoch 78 iteration 40: 0.41321834921836853
Epoch 79 iteration 0: 0.4502837657928467
Epoch 79 iteration 10: 0.42106691002845764
Epoch 79 iteration 20: 0.429534912109375
Epoch 79 iteration 30: 0.43135586380958557
Epoch 79 iteration 40: 0.43200573325157166
Epoch 80 iteration 0: 0.45493966341018677
Epoch 80 iteration 10: 0.41616764664649963
Epoch 80 iteration 20: 0.41923052072525024
Epoch 80 iteration 30: 0.4254673719406128
Epoch 80 iteration 40: 0.40828776359558105

/usr/local/lib/python3.8/dist-packages/paddle/framework/io.py:415: DeprecationWarning: Using or importing the ABCs from 'collections' instead of from 'collections.abc' is deprecated since Python 3.3, and in 3.10 it will stop working
  if isinstance(obj, collections.Iterable) and not isinstance(obj, (
Evaluating...

  0%|          | 0/6040 [00:00<?, ?it/s]
  5%|▍         | 288/6040 [00:05<01:40, 57.48it/s]
 10%|▉         | 576/6040 [00:10<01:37, 56.14it/s]
 14%|█▍        | 871/6040 [00:15<01:30, 57.37it/s]
 19%|█▉        | 1164/6040 [00:20<01:24, 57.82it/s]
 24%|██▍       | 1458/6040 [00:25<01:18, 58.14it/s]
 29%|██▉       | 1749/6040 [00:30<01:14, 57.73it/s]
 34%|███▎      | 2038/6040 [00:35<01:10, 56.95it/s]
 38%|███▊      | 2323/6040 [00:40<01:06, 56.31it/s]
 43%|████▎     | 2607/6040 [00:45<01:00, 56.45it/s]
 48%|████▊     | 2896/6040 [00:50<00:55, 56.84it/s]
 53%|█████▎    | 3181/6040 [00:55<00:50, 56.61it/s]
 57%|█████▋    | 3470/6040 [01:00<00:45, 56.94it/s]
 62%|██████▏   | 3755/6040 [01:06<00:40, 56.29it/s]
 67%|██████▋   | 4037/6040 [01:11<00:35, 56.13it/s]
 72%|███████▏  | 4319/6040 [01:16<00:30, 56.17it/s]
 76%|███████▌  | 4601/6040 [01:21<00:25, 56.19it/s]
 81%|████████  | 4884/6040 [01:26<00:20, 56.31it/s]
 86%|████████▌ | 5170/6040 [01:31<00:15, 56.54it/s]
 90%|█████████ | 5453/6040 [01:36<00:10, 55.89it/s]
 95%|█████████▍| 5733/6040 [01:41<00:05, 54.74it/s]
100%|█████████▉| 6022/6040 [01:46<00:00, 55.58it/s]
100%|██████████| 6040/6040 [01:47<00:00, 56.43it/s]
Epoch:80, time: 120.910180(s) 
valid (NDCG@10: 0.5930, HR@10: 0.8260)

  0%|          | 0/6040 [00:00<?, ?it/s]
  5%|▍         | 296/6040 [00:05<01:37, 59.01it/s]
 10%|▉         | 592/6040 [00:10<01:36, 56.46it/s]
 14%|█▍        | 875/6040 [00:15<01:33, 55.10it/s]
 19%|█▉        | 1156/6040 [00:20<01:27, 55.51it/s]
 24%|██▎       | 1434/6040 [00:25<01:23, 55.21it/s]
 28%|██▊       | 1718/6040 [00:30<01:17, 55.69it/s]
 33%|███▎      | 1997/6040 [00:35<01:13, 55.31it/s]
 38%|███▊      | 2274/6040 [00:40<01:08, 55.29it/s]
 42%|████▏     | 2551/6040 [00:46<01:03, 54.92it/s]
 47%|████▋     | 2838/6040 [00:51<00:57, 55.66it/s]
 52%|█████▏    | 3144/6040 [00:56<00:50, 57.32it/s]
 57%|█████▋    | 3431/6040 [01:01<00:45, 57.17it/s]
 62%|██████▏   | 3733/6040 [01:06<00:39, 58.10it/s]
 67%|██████▋   | 4024/6040 [01:11<00:35, 57.59it/s]
 71%|███████▏  | 4313/6040 [01:16<00:30, 56.64it/s]
 76%|███████▌  | 4597/6040 [01:21<00:25, 56.66it/s]
 81%|████████  | 4881/6040 [01:26<00:20, 56.62it/s]
 86%|████████▌ | 5167/6040 [01:31<00:15, 56.76it/s]
 90%|█████████ | 5451/6040 [01:36<00:10, 56.69it/s]
 95%|█████████▍| 5735/6040 [01:41<00:05, 56.72it/s]
100%|█████████▉| 6019/6040 [01:47<00:00, 55.55it/s]
100%|██████████| 6040/6040 [01:47<00:00, 56.24it/s]test (NDCG@10: 0.5641, HR@10: 0.7944)
Epoch 81 iteration 0: 0.4167369604110718
Epoch 81 iteration 10: 0.4125152826309204
Epoch 81 iteration 20: 0.41768205165863037
Epoch 81 iteration 30: 0.43567517399787903
Epoch 81 iteration 40: 0.4216114580631256
Epoch 82 iteration 0: 0.4511592388153076
Epoch 82 iteration 10: 0.4620310366153717
Epoch 82 iteration 20: 0.43143031001091003
Epoch 82 iteration 30: 0.4327489733695984
Epoch 82 iteration 40: 0.44264522194862366
Epoch 83 iteration 0: 0.4380006194114685
Epoch 83 iteration 10: 0.418443888425827
Epoch 83 iteration 20: 0.4397277235984802
Epoch 83 iteration 30: 0.4067656397819519
Epoch 83 iteration 40: 0.4177885055541992
Epoch 84 iteration 0: 0.4064759612083435
Epoch 84 iteration 10: 0.4143339991569519
Epoch 84 iteration 20: 0.42253753542900085
Epoch 84 iteration 30: 0.42245379090309143
Epoch 84 iteration 40: 0.4237002432346344
Epoch 85 iteration 0: 0.4139358699321747
Epoch 85 iteration 10: 0.4323832392692566
Epoch 85 iteration 20: 0.4445022642612457
Epoch 85 iteration 30: 0.4206000566482544
Epoch 85 iteration 40: 0.40890827775001526
Epoch 86 iteration 0: 0.41237711906433105
Epoch 86 iteration 10: 0.4079848527908325
Epoch 86 iteration 20: 0.4073672592639923
Epoch 86 iteration 30: 0.4063476026058197
Epoch 86 iteration 40: 0.40418311953544617
Epoch 87 iteration 0: 0.43100860714912415
Epoch 87 iteration 10: 0.423517107963562
Epoch 87 iteration 20: 0.4161640703678131
Epoch 87 iteration 30: 0.42758429050445557
Epoch 87 iteration 40: 0.42266973853111267
Epoch 88 iteration 0: 0.40316569805145264
Epoch 88 iteration 10: 0.4217594861984253
Epoch 88 iteration 20: 0.40873563289642334
Epoch 88 iteration 30: 0.41295596957206726
Epoch 88 iteration 40: 0.4168611168861389
Epoch 89 iteration 0: 0.4392387866973877
Epoch 89 iteration 10: 0.4228174388408661
Epoch 89 iteration 20: 0.41955146193504333
Epoch 89 iteration 30: 0.41720080375671387
Epoch 89 iteration 40: 0.41544410586357117
Epoch 90 iteration 0: 0.438976913690567
Epoch 90 iteration 10: 0.4191950261592865
Epoch 90 iteration 20: 0.4131694436073303
Epoch 90 iteration 30: 0.41787925362586975
Epoch 90 iteration 40: 0.4456130862236023
Epoch 91 iteration 0: 0.4123573899269104
Epoch 91 iteration 10: 0.4238278269767761
Epoch 91 iteration 20: 0.4089840054512024
Epoch 91 iteration 30: 0.41539135575294495
Epoch 91 iteration 40: 0.43168193101882935
Epoch 92 iteration 0: 0.41394999623298645
Epoch 92 iteration 10: 0.4277228116989136
Epoch 92 iteration 20: 0.42340773344039917
Epoch 92 iteration 30: 0.39989423751831055
Epoch 92 iteration 40: 0.41873669624328613
Epoch 93 iteration 0: 0.42627036571502686
Epoch 93 iteration 10: 0.4082880914211273
Epoch 93 iteration 20: 0.4302242696285248
Epoch 93 iteration 30: 0.4545554518699646
Epoch 93 iteration 40: 0.43152958154678345
Epoch 94 iteration 0: 0.43087130784988403
Epoch 94 iteration 10: 0.42573902010917664
Epoch 94 iteration 20: 0.3880771994590759
Epoch 94 iteration 30: 0.41351279616355896
Epoch 94 iteration 40: 0.403030663728714
Epoch 95 iteration 0: 0.38287118077278137
Epoch 95 iteration 10: 0.4154295325279236
Epoch 95 iteration 20: 0.3847507834434509
Epoch 95 iteration 30: 0.41862234473228455
Epoch 95 iteration 40: 0.4173702001571655
Epoch 96 iteration 0: 0.4233585000038147
Epoch 96 iteration 10: 0.40782129764556885
Epoch 96 iteration 20: 0.4098009467124939
Epoch 96 iteration 30: 0.4373042583465576
Epoch 96 iteration 40: 0.4177075922489166
Epoch 97 iteration 0: 0.4283876121044159
Epoch 97 iteration 10: 0.42071282863616943
Epoch 97 iteration 20: 0.40999656915664673
Epoch 97 iteration 30: 0.4298357367515564
Epoch 97 iteration 40: 0.42037057876586914
Epoch 98 iteration 0: 0.39276808500289917
Epoch 98 iteration 10: 0.43024879693984985
Epoch 98 iteration 20: 0.42989271879196167
Epoch 98 iteration 30: 0.4333934783935547
Epoch 98 iteration 40: 0.4184323251247406
Epoch 99 iteration 0: 0.40624967217445374
Epoch 99 iteration 10: 0.41457095742225647
Epoch 99 iteration 20: 0.45273998379707336
Epoch 99 iteration 30: 0.41484832763671875
Epoch 99 iteration 40: 0.41231849789619446
Epoch 100 iteration 0: 0.4105328619480133
Epoch 100 iteration 10: 0.42169493436813354
Epoch 100 iteration 20: 0.40946826338768005
Epoch 100 iteration 30: 0.4014812409877777
Epoch 100 iteration 40: 0.4155973792076111

Evaluating...

  0%|          | 0/6040 [00:00<?, ?it/s]
  5%|▍         | 294/6040 [00:05<01:37, 58.74it/s]
 10%|▉         | 599/6040 [00:10<01:30, 60.05it/s]
 15%|█▍        | 900/6040 [00:15<01:28, 57.78it/s]
 20%|█▉        | 1190/6040 [00:20<01:26, 56.29it/s]
 24%|██▍       | 1478/6040 [00:25<01:20, 56.72it/s]
 29%|██▉       | 1774/6040 [00:30<01:14, 57.51it/s]
 34%|███▍      | 2062/6040 [00:36<01:10, 56.69it/s]
 39%|███▉      | 2359/6040 [00:41<01:04, 57.52it/s]
 44%|████▍     | 2653/6040 [00:46<00:58, 57.87it/s]
 49%|████▊     | 2943/6040 [00:51<00:55, 56.02it/s]
 53%|█████▎    | 3224/6040 [00:56<00:50, 55.59it/s]
 58%|█████▊    | 3503/6040 [01:01<00:45, 55.51it/s]
 63%|██████▎   | 3781/6040 [01:07<00:41, 54.91it/s]
 67%|██████▋   | 4067/6040 [01:12<00:35, 55.56it/s]
 72%|███████▏  | 4346/6040 [01:17<00:30, 55.19it/s]
 77%|███████▋  | 4623/6040 [01:22<00:25, 54.82it/s]
 81%|████████  | 4905/6040 [01:27<00:20, 55.24it/s]
 86%|████████▌ | 5209/6040 [01:32<00:14, 56.84it/s]
 91%|█████████ | 5499/6040 [01:37<00:09, 57.13it/s]
 96%|█████████▌| 5790/6040 [01:42<00:04, 57.42it/s]
100%|██████████| 6040/6040 [01:46<00:00, 56.54it/s]
Epoch:100, time: 152.639360(s) 
valid (NDCG@10: 0.5951, HR@10: 0.8243)

  0%|          | 0/6040 [00:00<?, ?it/s]
  5%|▍         | 294/6040 [00:05<01:38, 58.62it/s]
 10%|▉         | 588/6040 [00:10<01:34, 57.93it/s]
 15%|█▍        | 878/6040 [00:15<01:30, 57.26it/s]
 19%|█▉        | 1173/6040 [00:20<01:24, 57.93it/s]
 24%|██▍       | 1463/6040 [00:25<01:21, 56.03it/s]
 29%|██▉       | 1744/6040 [00:30<01:17, 55.53it/s]
 34%|███▎      | 2028/6040 [00:35<01:11, 55.88it/s]
 39%|███▊      | 2328/6040 [00:40<01:04, 57.12it/s]
 44%|████▎     | 2628/6040 [00:45<00:58, 57.96it/s]
 48%|████▊     | 2919/6040 [00:51<00:54, 57.38it/s]
 53%|█████▎    | 3207/6040 [00:56<00:50, 56.43it/s]
 58%|█████▊    | 3490/6040 [01:01<00:45, 56.18it/s]
 63%|██████▎   | 3776/6040 [01:06<00:40, 56.42it/s]
 67%|██████▋   | 4059/6040 [01:11<00:35, 56.15it/s]
 72%|███████▏  | 4342/6040 [01:16<00:30, 56.23it/s]
 77%|███████▋  | 4624/6040 [01:21<00:25, 56.28it/s]
 81%|████████  | 4906/6040 [01:26<00:20, 55.27it/s]
 86%|████████▌ | 5195/6040 [01:31<00:15, 55.95it/s]
 91%|█████████ | 5480/6040 [01:36<00:09, 56.24it/s]
 95%|█████████▌| 5765/6040 [01:41<00:04, 56.47it/s]
100%|██████████| 6040/6040 [01:46<00:00, 56.59it/s]test (NDCG@10: 0.5700, HR@10: 0.7977)
Epoch 101 iteration 0: 0.41100290417671204
Epoch 101 iteration 10: 0.4155612885951996
Epoch 101 iteration 20: 0.4116998612880707
Epoch 101 iteration 30: 0.41691091656684875
Epoch 101 iteration 40: 0.4212057590484619
Epoch 102 iteration 0: 0.41069355607032776
Epoch 102 iteration 10: 0.43656018376350403
Epoch 102 iteration 20: 0.4222114086151123
Epoch 102 iteration 30: 0.41111740469932556
Epoch 102 iteration 40: 0.385263055562973
Epoch 103 iteration 0: 0.38674700260162354
Epoch 103 iteration 10: 0.4048299193382263
Epoch 103 iteration 20: 0.4250255227088928
Epoch 103 iteration 30: 0.4369068443775177
Epoch 103 iteration 40: 0.40927204489707947
Epoch 104 iteration 0: 0.41404569149017334
Epoch 104 iteration 10: 0.397371768951416
Epoch 104 iteration 20: 0.41643404960632324
Epoch 104 iteration 30: 0.3955371677875519
Epoch 104 iteration 40: 0.41150805354118347
Epoch 105 iteration 0: 0.4005572497844696
Epoch 105 iteration 10: 0.41338321566581726
Epoch 105 iteration 20: 0.3942123353481293
Epoch 105 iteration 30: 0.41005390882492065
Epoch 105 iteration 40: 0.39755964279174805
Epoch 106 iteration 0: 0.3957892060279846
Epoch 106 iteration 10: 0.4167023003101349
Epoch 106 iteration 20: 0.4117274582386017
Epoch 106 iteration 30: 0.4012052118778229
Epoch 106 iteration 40: 0.4038929045200348
Epoch 107 iteration 0: 0.39901021122932434
Epoch 107 iteration 10: 0.4290918707847595
Epoch 107 iteration 20: 0.4210803806781769
Epoch 107 iteration 30: 0.4212462604045868
Epoch 107 iteration 40: 0.40781888365745544
Epoch 108 iteration 0: 0.4278406798839569
Epoch 108 iteration 10: 0.40485283732414246
Epoch 108 iteration 20: 0.4031209647655487
Epoch 108 iteration 30: 0.4211786985397339
Epoch 108 iteration 40: 0.4292296767234802
Epoch 109 iteration 0: 0.4321993291378021
Epoch 109 iteration 10: 0.4382815361022949
Epoch 109 iteration 20: 0.41226544976234436
Epoch 109 iteration 30: 0.4402408301830292
Epoch 109 iteration 40: 0.4142315089702606
Epoch 110 iteration 0: 0.40594786405563354
Epoch 110 iteration 10: 0.4264540672302246
Epoch 110 iteration 20: 0.4100086987018585
Epoch 110 iteration 30: 0.4283471703529358
Epoch 110 iteration 40: 0.42006897926330566
Epoch 111 iteration 0: 0.3984278738498688
Epoch 111 iteration 10: 0.40253958106040955
Epoch 111 iteration 20: 0.401401162147522
Epoch 111 iteration 30: 0.39317041635513306
Epoch 111 iteration 40: 0.4186698794364929
Epoch 112 iteration 0: 0.3795580565929413
Epoch 112 iteration 10: 0.3893823027610779
Epoch 112 iteration 20: 0.40732529759407043
Epoch 112 iteration 30: 0.424934983253479
Epoch 112 iteration 40: 0.41788116097450256
Epoch 113 iteration 0: 0.40950942039489746
Epoch 113 iteration 10: 0.43046048283576965
Epoch 113 iteration 20: 0.4026520252227783
Epoch 113 iteration 30: 0.38316836953163147
Epoch 113 iteration 40: 0.4063571095466614
Epoch 114 iteration 0: 0.4166451692581177
Epoch 114 iteration 10: 0.4063934087753296
Epoch 114 iteration 20: 0.4027678668498993
Epoch 114 iteration 30: 0.4004853665828705
Epoch 114 iteration 40: 0.4019394516944885
Epoch 115 iteration 0: 0.38524171710014343
Epoch 115 iteration 10: 0.40569645166397095
Epoch 115 iteration 20: 0.393574982881546
Epoch 115 iteration 30: 0.39867979288101196
Epoch 115 iteration 40: 0.40099450945854187
Epoch 116 iteration 0: 0.4155779480934143
Epoch 116 iteration 10: 0.40524500608444214
Epoch 116 iteration 20: 0.38842588663101196
Epoch 116 iteration 30: 0.3987221121788025
Epoch 116 iteration 40: 0.425677627325058
Epoch 117 iteration 0: 0.37496963143348694
Epoch 117 iteration 10: 0.4113030433654785
Epoch 117 iteration 20: 0.4372314214706421
Epoch 117 iteration 30: 0.37943920493125916
Epoch 117 iteration 40: 0.4046962559223175
Epoch 118 iteration 0: 0.4167206585407257
Epoch 118 iteration 10: 0.40677890181541443
Epoch 118 iteration 20: 0.4050885736942291
Epoch 118 iteration 30: 0.4106275141239166
Epoch 118 iteration 40: 0.4016602635383606
Epoch 119 iteration 0: 0.39403000473976135
Epoch 119 iteration 10: 0.38601988554000854
Epoch 119 iteration 20: 0.3909117877483368
Epoch 119 iteration 30: 0.3986419439315796
Epoch 119 iteration 40: 0.3955274820327759
Epoch 120 iteration 0: 0.39216309785842896
Epoch 120 iteration 10: 0.42439714074134827
Epoch 120 iteration 20: 0.37820103764533997
Epoch 120 iteration 30: 0.4279194474220276
Epoch 120 iteration 40: 0.3865669071674347

Evaluating...

  0%|          | 0/6040 [00:00<?, ?it/s]
  4%|▍         | 271/6040 [00:05<01:46, 54.10it/s]
  9%|▉         | 554/6040 [00:10<01:38, 55.52it/s]
 14%|█▍        | 853/6040 [00:15<01:30, 57.41it/s]
 19%|█▉        | 1159/6040 [00:20<01:22, 58.86it/s]
 24%|██▍       | 1461/6040 [00:25<01:17, 59.36it/s]
 29%|██▉       | 1759/6040 [00:30<01:12, 59.37it/s]
 34%|███▍      | 2056/6040 [00:35<01:07, 58.90it/s]
 39%|███▉      | 2359/6040 [00:40<01:01, 59.42it/s]
 44%|████▍     | 2666/6040 [00:45<00:56, 60.00it/s]
 49%|████▉     | 2967/6040 [00:50<00:51, 59.89it/s]
 54%|█████▍    | 3276/6040 [00:55<00:45, 60.42it/s]
 59%|█████▉    | 3579/6040 [01:00<00:41, 59.37it/s]
 64%|██████▍   | 3877/6040 [01:05<00:36, 59.13it/s]
 69%|██████▉   | 4182/6040 [01:10<00:31, 59.63it/s]
 74%|███████▍  | 4484/6040 [01:15<00:26, 59.81it/s]
 79%|███████▉  | 4791/6040 [01:20<00:20, 60.23it/s]
 84%|████████▍ | 5098/6040 [01:25<00:15, 60.57it/s]
 89%|████████▉ | 5401/6040 [01:30<00:10, 59.79it/s]
 94%|█████████▍| 5701/6040 [01:36<00:05, 58.79it/s]
 99%|█████████▉| 6005/6040 [01:41<00:00, 59.35it/s]
100%|██████████| 6040/6040 [01:41<00:00, 59.33it/s]
Epoch:120, time: 184.651336(s) 
valid (NDCG@10: 0.5923, HR@10: 0.8245)

  0%|          | 0/6040 [00:00<?, ?it/s]
  5%|▌         | 306/6040 [00:05<01:33, 61.09it/s]
 10%|█         | 612/6040 [00:10<01:29, 60.40it/s]
 15%|█▌        | 915/6040 [00:15<01:27, 58.82it/s]
 20%|██        | 1218/6040 [00:20<01:21, 59.48it/s]
 25%|██▌       | 1519/6040 [00:25<01:15, 59.72it/s]
 30%|███       | 1830/6040 [00:30<01:09, 60.54it/s]
 35%|███▌      | 2133/6040 [00:35<01:04, 60.48it/s]
 40%|████      | 2436/6040 [00:40<00:59, 60.42it/s]
 45%|████▌     | 2739/6040 [00:45<00:55, 59.38it/s]
 50%|█████     | 3037/6040 [00:50<00:50, 59.31it/s]
 55%|█████▌    | 3343/6040 [00:55<00:45, 59.87it/s]
 60%|██████    | 3643/6040 [01:00<00:40, 59.44it/s]
 65%|██████▌   | 3949/6040 [01:05<00:34, 59.96it/s]
 70%|███████   | 4249/6040 [01:11<00:29, 59.80it/s]
 75%|███████▌  | 4549/6040 [01:16<00:25, 58.28it/s]
 80%|████████  | 4841/6040 [01:21<00:20, 57.80it/s]
 85%|████████▌ | 5137/6040 [01:26<00:15, 58.16it/s]
 90%|█████████ | 5442/6040 [01:31<00:10, 58.94it/s]
 95%|█████████▌| 5740/6040 [01:36<00:05, 59.11it/s]
100%|██████████| 6040/6040 [01:41<00:00, 59.36it/s]
100%|██████████| 6040/6040 [01:41<00:00, 59.42it/s]test (NDCG@10: 0.5696, HR@10: 0.8010)
Epoch 121 iteration 0: 0.37473249435424805
Epoch 121 iteration 10: 0.3848552107810974
Epoch 121 iteration 20: 0.40762534737586975
Epoch 121 iteration 30: 0.41328465938568115
Epoch 121 iteration 40: 0.4297482967376709
Epoch 122 iteration 0: 0.3725680410861969
Epoch 122 iteration 10: 0.4155140817165375
Epoch 122 iteration 20: 0.43031635880470276
Epoch 122 iteration 30: 0.39436814188957214
Epoch 122 iteration 40: 0.39533472061157227
Epoch 123 iteration 0: 0.42726877331733704
Epoch 123 iteration 10: 0.3758397400379181
Epoch 123 iteration 20: 0.4156055748462677
Epoch 123 iteration 30: 0.4197288155555725
Epoch 123 iteration 40: 0.4026373624801636
Epoch 124 iteration 0: 0.38948896527290344
Epoch 124 iteration 10: 0.38293957710266113
Epoch 124 iteration 20: 0.4102879762649536
Epoch 124 iteration 30: 0.39124566316604614
Epoch 124 iteration 40: 0.39698782563209534
Epoch 125 iteration 0: 0.4034326374530792
Epoch 125 iteration 10: 0.4157346189022064
Epoch 125 iteration 20: 0.38834336400032043
Epoch 125 iteration 30: 0.4006716310977936
Epoch 125 iteration 40: 0.4139699339866638
Epoch 126 iteration 0: 0.4033071994781494
Epoch 126 iteration 10: 0.38305822014808655
Epoch 126 iteration 20: 0.38313695788383484
Epoch 126 iteration 30: 0.39442262053489685
Epoch 126 iteration 40: 0.4112635850906372
Epoch 127 iteration 0: 0.38788968324661255
Epoch 127 iteration 10: 0.3843240737915039
Epoch 127 iteration 20: 0.39333903789520264
Epoch 127 iteration 30: 0.4316995143890381
Epoch 127 iteration 40: 0.40682896971702576
Epoch 128 iteration 0: 0.38795971870422363
Epoch 128 iteration 10: 0.3942861557006836
Epoch 128 iteration 20: 0.37878164649009705
Epoch 128 iteration 30: 0.385923832654953
Epoch 128 iteration 40: 0.39984917640686035
Epoch 129 iteration 0: 0.40248122811317444
Epoch 129 iteration 10: 0.399949312210083
Epoch 129 iteration 20: 0.40411338210105896
Epoch 129 iteration 30: 0.39335256814956665
Epoch 129 iteration 40: 0.38494789600372314
Epoch 130 iteration 0: 0.437957763671875
Epoch 130 iteration 10: 0.4101186692714691
Epoch 130 iteration 20: 0.40654706954956055
Epoch 130 iteration 30: 0.3799907863140106
Epoch 130 iteration 40: 0.4107156991958618
Epoch 131 iteration 0: 0.4064631760120392
Epoch 131 iteration 10: 0.3872024416923523
Epoch 131 iteration 20: 0.40846216678619385
Epoch 131 iteration 30: 0.4268563687801361
Epoch 131 iteration 40: 0.39337751269340515
Epoch 132 iteration 0: 0.38140448927879333
Epoch 132 iteration 10: 0.3918369710445404
Epoch 132 iteration 20: 0.373928040266037
Epoch 132 iteration 30: 0.39438819885253906
Epoch 132 iteration 40: 0.4182506799697876
Epoch 133 iteration 0: 0.38371899724006653
Epoch 133 iteration 10: 0.3941915035247803
Epoch 133 iteration 20: 0.37469595670700073
Epoch 133 iteration 30: 0.3955870568752289
Epoch 133 iteration 40: 0.41383594274520874
Epoch 134 iteration 0: 0.39992159605026245
Epoch 134 iteration 10: 0.38082537055015564
Epoch 134 iteration 20: 0.39050406217575073
Epoch 134 iteration 30: 0.380146861076355
Epoch 134 iteration 40: 0.41488680243492126
Epoch 135 iteration 0: 0.39659827947616577
Epoch 135 iteration 10: 0.38989296555519104
Epoch 135 iteration 20: 0.39787814021110535
Epoch 135 iteration 30: 0.38898396492004395
Epoch 135 iteration 40: 0.3868052661418915
Epoch 136 iteration 0: 0.3806845247745514
Epoch 136 iteration 10: 0.4141966998577118
Epoch 136 iteration 20: 0.40485501289367676
Epoch 136 iteration 30: 0.3747440278530121
Epoch 136 iteration 40: 0.40922316908836365
Epoch 137 iteration 0: 0.3974723219871521
Epoch 137 iteration 10: 0.40552663803100586
Epoch 137 iteration 20: 0.4131351113319397
Epoch 137 iteration 30: 0.38534051179885864
Epoch 137 iteration 40: 0.3927108347415924
Epoch 138 iteration 0: 0.4010067880153656
Epoch 138 iteration 10: 0.37936004996299744
Epoch 138 iteration 20: 0.40132197737693787
Epoch 138 iteration 30: 0.41684430837631226
Epoch 138 iteration 40: 0.35706114768981934
Epoch 139 iteration 0: 0.37273502349853516
Epoch 139 iteration 10: 0.40125325322151184
Epoch 139 iteration 20: 0.37350672483444214
Epoch 139 iteration 30: 0.39703282713890076
Epoch 139 iteration 40: 0.37702512741088867
Epoch 140 iteration 0: 0.36929836869239807
Epoch 140 iteration 10: 0.4013112783432007
Epoch 140 iteration 20: 0.38744157552719116
Epoch 140 iteration 30: 0.38264861702919006
Epoch 140 iteration 40: 0.38932397961616516

Evaluating...

  0%|          | 0/6040 [00:00<?, ?it/s]
  5%|▌         | 304/6040 [00:05<01:34, 60.67it/s]
 10%|█         | 609/6040 [00:10<01:29, 60.78it/s]
 15%|█▌        | 917/6040 [00:15<01:23, 61.13it/s]
 20%|██        | 1223/6040 [00:20<01:19, 60.64it/s]
 25%|██▌       | 1527/6040 [00:25<01:14, 60.45it/s]
 30%|███       | 1830/6040 [00:30<01:10, 59.46it/s]
 35%|███▌      | 2128/6040 [00:35<01:06, 59.27it/s]
 40%|████      | 2436/6040 [00:40<01:00, 60.00it/s]
 45%|████▌     | 2737/6040 [00:45<00:55, 59.45it/s]
 50%|█████     | 3035/6040 [00:50<00:51, 58.86it/s]
 55%|█████▌    | 3330/6040 [00:56<00:46, 57.94it/s]
 60%|██████    | 3625/6040 [01:01<00:41, 58.21it/s]
 65%|██████▌   | 3934/6040 [01:06<00:35, 59.24it/s]
 70%|███████   | 4236/6040 [01:11<00:30, 59.58it/s]
 75%|███████▌  | 4544/6040 [01:16<00:24, 60.18it/s]
 80%|████████  | 4846/6040 [01:21<00:19, 60.18it/s]
 85%|████████▌ | 5147/6040 [01:26<00:14, 59.61it/s]
 90%|█████████ | 5446/6040 [01:31<00:10, 58.97it/s]
 95%|█████████▌| 5742/6040 [01:36<00:05, 58.75it/s]
100%|█████████▉| 6036/6040 [01:41<00:00, 58.38it/s]
100%|██████████| 6040/6040 [01:41<00:00, 59.33it/s]
Epoch:140, time: 214.282357(s) 
valid (NDCG@10: 0.5985, HR@10: 0.8262)

  0%|          | 0/6040 [00:00<?, ?it/s]
  5%|▌         | 307/6040 [00:05<01:33, 61.37it/s]
 10%|█         | 614/6040 [00:10<01:32, 58.88it/s]
 15%|█▌        | 914/6040 [00:15<01:26, 59.36it/s]
 20%|██        | 1222/6040 [00:20<01:20, 60.19it/s]
 25%|██▌       | 1526/6040 [00:25<01:14, 60.40it/s]
 30%|███       | 1829/6040 [00:30<01:10, 59.75it/s]
 35%|███▌      | 2128/6040 [00:35<01:06, 59.12it/s]
 40%|████      | 2424/6040 [00:40<01:02, 58.18it/s]
 45%|████▌     | 2728/6040 [00:45<00:56, 58.95it/s]
 50%|█████     | 3029/6040 [00:51<00:50, 59.29it/s]
 55%|█████▌    | 3337/6040 [00:56<00:45, 59.99it/s]
 60%|██████    | 3640/6040 [01:01<00:39, 60.14it/s]
 65%|██████▌   | 3945/6040 [01:06<00:34, 60.36it/s]
 70%|███████   | 4247/6040 [01:11<00:30, 59.01it/s]
 75%|███████▌  | 4545/6040 [01:16<00:25, 59.15it/s]
 80%|████████  | 4857/6040 [01:21<00:19, 60.11it/s]
 85%|████████▌ | 5158/6040 [01:26<00:14, 59.76it/s]
 90%|█████████ | 5466/6040 [01:31<00:09, 60.31it/s]
 95%|█████████▌| 5768/6040 [01:36<00:04, 59.71it/s]
100%|██████████| 6040/6040 [01:41<00:00, 59.56it/s]test (NDCG@10: 0.5702, HR@10: 0.7988)
Epoch 141 iteration 0: 0.3887184262275696
Epoch 141 iteration 10: 0.3835621178150177
Epoch 141 iteration 20: 0.4089357852935791
Epoch 141 iteration 30: 0.4057707190513611
Epoch 141 iteration 40: 0.37215253710746765
Epoch 142 iteration 0: 0.3722020387649536
Epoch 142 iteration 10: 0.3813888728618622
Epoch 142 iteration 20: 0.3627656102180481
Epoch 142 iteration 30: 0.38980525732040405
Epoch 142 iteration 40: 0.38564372062683105
Epoch 143 iteration 0: 0.3732861876487732
Epoch 143 iteration 10: 0.3986879587173462
Epoch 143 iteration 20: 0.3767220675945282
Epoch 143 iteration 30: 0.4124520719051361
Epoch 143 iteration 40: 0.3996104598045349
Epoch 144 iteration 0: 0.38925865292549133
Epoch 144 iteration 10: 0.39642801880836487
Epoch 144 iteration 20: 0.4003202021121979
Epoch 144 iteration 30: 0.38750913739204407
Epoch 144 iteration 40: 0.40735122561454773
Epoch 145 iteration 0: 0.4062782824039459
Epoch 145 iteration 10: 0.36741214990615845
Epoch 145 iteration 20: 0.40811875462532043
Epoch 145 iteration 30: 0.3919108808040619
Epoch 145 iteration 40: 0.38172271847724915
Epoch 146 iteration 0: 0.36969417333602905
Epoch 146 iteration 10: 0.3810763955116272
Epoch 146 iteration 20: 0.38933590054512024
Epoch 146 iteration 30: 0.390486478805542
Epoch 146 iteration 40: 0.39412638545036316
Epoch 147 iteration 0: 0.38406848907470703
Epoch 147 iteration 10: 0.3723861873149872
Epoch 147 iteration 20: 0.384674996137619
Epoch 147 iteration 30: 0.40199336409568787
Epoch 147 iteration 40: 0.37001273036003113
Epoch 148 iteration 0: 0.3618776202201843
Epoch 148 iteration 10: 0.3969004154205322
Epoch 148 iteration 20: 0.3984837532043457
Epoch 148 iteration 30: 0.3963795304298401
Epoch 148 iteration 40: 0.3750333786010742
Epoch 149 iteration 0: 0.39706966280937195
Epoch 149 iteration 10: 0.39921361207962036
Epoch 149 iteration 20: 0.40880659222602844
Epoch 149 iteration 30: 0.3876522183418274
Epoch 149 iteration 40: 0.40371543169021606
Epoch 150 iteration 0: 0.4034007489681244
Epoch 150 iteration 10: 0.3950067460536957
Epoch 150 iteration 20: 0.39125531911849976
Epoch 150 iteration 30: 0.41207486391067505
Epoch 150 iteration 40: 0.3799724578857422
Epoch 151 iteration 0: 0.39881807565689087
Epoch 151 iteration 10: 0.37629401683807373
Epoch 151 iteration 20: 0.3717857301235199
Epoch 151 iteration 30: 0.3790470361709595
Epoch 151 iteration 40: 0.3814835250377655
Epoch 152 iteration 0: 0.37657663226127625
Epoch 152 iteration 10: 0.3670352101325989
Epoch 152 iteration 20: 0.3735412657260895
Epoch 152 iteration 30: 0.3941005766391754
Epoch 152 iteration 40: 0.3909127414226532
Epoch 153 iteration 0: 0.39787235856056213
Epoch 153 iteration 10: 0.3836085796356201
Epoch 153 iteration 20: 0.38967061042785645
Epoch 153 iteration 30: 0.3748731315135956
Epoch 153 iteration 40: 0.38612112402915955
Epoch 154 iteration 0: 0.36032089591026306
Epoch 154 iteration 10: 0.4091300964355469
Epoch 154 iteration 20: 0.38369855284690857
Epoch 154 iteration 30: 0.3995228409767151
Epoch 154 iteration 40: 0.3746532201766968
Epoch 155 iteration 0: 0.3859790563583374
Epoch 155 iteration 10: 0.3867053687572479
Epoch 155 iteration 20: 0.3968941271305084
Epoch 155 iteration 30: 0.38613438606262207
Epoch 155 iteration 40: 0.37239378690719604
Epoch 156 iteration 0: 0.3881340026855469
Epoch 156 iteration 10: 0.38190269470214844
Epoch 156 iteration 20: 0.39584746956825256
Epoch 156 iteration 30: 0.3621792197227478
Epoch 156 iteration 40: 0.3710963726043701
Epoch 157 iteration 0: 0.3836198151111603
Epoch 157 iteration 10: 0.37952834367752075
Epoch 157 iteration 20: 0.3755684792995453
Epoch 157 iteration 30: 0.3653569221496582
Epoch 157 iteration 40: 0.39088717103004456
Epoch 158 iteration 0: 0.39858388900756836
Epoch 158 iteration 10: 0.3789535164833069
Epoch 158 iteration 20: 0.3646225035190582
Epoch 158 iteration 30: 0.371329665184021
Epoch 158 iteration 40: 0.3816956579685211
Epoch 159 iteration 0: 0.37578266859054565
Epoch 159 iteration 10: 0.38248541951179504
Epoch 159 iteration 20: 0.37525850534439087
Epoch 159 iteration 30: 0.3768795132637024
Epoch 159 iteration 40: 0.36907729506492615
Epoch 160 iteration 0: 0.3916727602481842
Epoch 160 iteration 10: 0.3962165117263794
Epoch 160 iteration 20: 0.380924254655838
Epoch 160 iteration 30: 0.37618061900138855
Epoch 160 iteration 40: 0.38843244314193726

Evaluating...

  0%|          | 0/6040 [00:00<?, ?it/s]
  5%|▌         | 312/6040 [00:05<01:31, 62.32it/s]
 10%|█         | 624/6040 [00:10<01:28, 61.17it/s]
 15%|█▌        | 933/6040 [00:15<01:23, 61.40it/s]
 21%|██        | 1241/6040 [00:20<01:19, 60.18it/s]
 26%|██▌       | 1543/6040 [00:25<01:16, 58.96it/s]
 30%|███       | 1840/6040 [00:30<01:11, 59.10it/s]
 35%|███▌      | 2136/6040 [00:35<01:06, 58.93it/s]
 41%|████      | 2447/6040 [00:40<00:59, 59.93it/s]
 46%|████▌     | 2749/6040 [00:45<00:54, 60.03it/s]
 50%|█████     | 3050/6040 [00:50<00:49, 59.87it/s]
 55%|█████▌    | 3350/6040 [00:56<00:45, 59.10it/s]
 60%|██████    | 3653/6040 [01:01<00:40, 59.54it/s]
 66%|██████▌   | 3963/6040 [01:06<00:34, 60.22it/s]
 71%|███████   | 4266/6040 [01:11<00:29, 60.28it/s]
 76%|███████▌  | 4579/6040 [01:16<00:23, 60.97it/s]
 81%|████████  | 4884/6040 [01:21<00:19, 59.79it/s]
 86%|████████▌ | 5184/6040 [01:26<00:14, 59.28it/s]
 91%|█████████ | 5486/6040 [01:31<00:09, 59.58it/s]
 96%|█████████▌| 5789/6040 [01:36<00:04, 59.85it/s]
100%|██████████| 6040/6040 [01:40<00:00, 59.95it/s]
Epoch:160, time: 244.297802(s) 
valid (NDCG@10: 0.6003, HR@10: 0.8255)

  0%|          | 0/6040 [00:00<?, ?it/s]
  5%|▍         | 295/6040 [00:05<01:37, 59.00it/s]
 10%|▉         | 590/6040 [00:10<01:33, 58.57it/s]
 15%|█▍        | 886/6040 [00:15<01:27, 58.77it/s]
 20%|█▉        | 1192/6040 [00:20<01:21, 59.71it/s]
 25%|██▍       | 1491/6040 [00:25<01:16, 59.39it/s]
 30%|██▉       | 1792/6040 [00:30<01:11, 59.60it/s]
 35%|███▍      | 2091/6040 [00:35<01:06, 59.21it/s]
 40%|███▉      | 2388/6040 [00:40<01:01, 59.18it/s]
 45%|████▍     | 2699/6040 [00:45<00:55, 60.11it/s]
 50%|████▉     | 3000/6040 [00:50<00:50, 59.99it/s]
 55%|█████▍    | 3309/6040 [00:55<00:45, 60.49it/s]
 60%|█████▉    | 3612/6040 [01:00<00:40, 60.08it/s]
 65%|██████▍   | 3913/6040 [01:05<00:35, 59.74it/s]
 70%|██████▉   | 4212/6040 [01:10<00:30, 59.23it/s]
 75%|███████▍  | 4518/6040 [01:15<00:25, 59.77it/s]
 80%|███████▉  | 4831/6040 [01:20<00:19, 60.60it/s]
 85%|████████▌ | 5135/6040 [01:25<00:14, 60.45it/s]
 90%|█████████ | 5443/6040 [01:30<00:09, 60.78it/s]
 95%|█████████▌| 5747/6040 [01:36<00:04, 59.45it/s]
100%|██████████| 6040/6040 [01:41<00:00, 59.72it/s]test (NDCG@10: 0.5706, HR@10: 0.8020)
Epoch 161 iteration 0: 0.3665798008441925
Epoch 161 iteration 10: 0.36857348680496216
Epoch 161 iteration 20: 0.3876749873161316
Epoch 161 iteration 30: 0.3864181339740753
Epoch 161 iteration 40: 0.38501426577568054
Epoch 162 iteration 0: 0.38048967719078064
Epoch 162 iteration 10: 0.40194278955459595
Epoch 162 iteration 20: 0.3676545321941376
Epoch 162 iteration 30: 0.37429577112197876
Epoch 162 iteration 40: 0.3983386754989624
Epoch 163 iteration 0: 0.3566625118255615
Epoch 163 iteration 10: 0.39140501618385315
Epoch 163 iteration 20: 0.39998412132263184
Epoch 163 iteration 30: 0.37688833475112915
Epoch 163 iteration 40: 0.3744411766529083
Epoch 164 iteration 0: 0.3980530798435211
Epoch 164 iteration 10: 0.4111946225166321
Epoch 164 iteration 20: 0.35009345412254333
Epoch 164 iteration 30: 0.37922072410583496
Epoch 164 iteration 40: 0.39903974533081055
Epoch 165 iteration 0: 0.3865063190460205
Epoch 165 iteration 10: 0.39483147859573364
Epoch 165 iteration 20: 0.35402438044548035
Epoch 165 iteration 30: 0.3921058177947998
Epoch 165 iteration 40: 0.3746349811553955
Epoch 166 iteration 0: 0.3803834617137909
Epoch 166 iteration 10: 0.40624359250068665
Epoch 166 iteration 20: 0.39185866713523865
Epoch 166 iteration 30: 0.3776158392429352
Epoch 166 iteration 40: 0.39397045969963074
Epoch 167 iteration 0: 0.42232269048690796
Epoch 167 iteration 10: 0.3826378583908081
Epoch 167 iteration 20: 0.37009942531585693
Epoch 167 iteration 30: 0.3766387104988098
Epoch 167 iteration 40: 0.37593549489974976
Epoch 168 iteration 0: 0.36494913697242737
Epoch 168 iteration 10: 0.37346509099006653
Epoch 168 iteration 20: 0.4013795852661133
Epoch 168 iteration 30: 0.3703494668006897
Epoch 168 iteration 40: 0.37398093938827515
Epoch 169 iteration 0: 0.3914947807788849
Epoch 169 iteration 10: 0.3920850455760956
Epoch 169 iteration 20: 0.3699586093425751
Epoch 169 iteration 30: 0.37810611724853516
Epoch 169 iteration 40: 0.38870924711227417
Epoch 170 iteration 0: 0.40365636348724365
Epoch 170 iteration 10: 0.3870101571083069
Epoch 170 iteration 20: 0.34766247868537903
Epoch 170 iteration 30: 0.3852076530456543
Epoch 170 iteration 40: 0.36599117517471313
Epoch 171 iteration 0: 0.36909303069114685
Epoch 171 iteration 10: 0.37965884804725647
Epoch 171 iteration 20: 0.37966209650039673
Epoch 171 iteration 30: 0.39541754126548767
Epoch 171 iteration 40: 0.3904041349887848
Epoch 172 iteration 0: 0.3813854455947876
Epoch 172 iteration 10: 0.3993636667728424
Epoch 172 iteration 20: 0.3827535808086395
Epoch 172 iteration 30: 0.35314419865608215
Epoch 172 iteration 40: 0.3954969048500061
Epoch 173 iteration 0: 0.3655921518802643
Epoch 173 iteration 10: 0.387752890586853
Epoch 173 iteration 20: 0.3868022561073303
Epoch 173 iteration 30: 0.39669522643089294
Epoch 173 iteration 40: 0.3917713463306427
Epoch 174 iteration 0: 0.35944536328315735
Epoch 174 iteration 10: 0.38009265065193176
Epoch 174 iteration 20: 0.41488444805145264
Epoch 174 iteration 30: 0.37142205238342285
Epoch 174 iteration 40: 0.4047498404979706
Epoch 175 iteration 0: 0.38573652505874634
Epoch 175 iteration 10: 0.373695433139801
Epoch 175 iteration 20: 0.4136965572834015
Epoch 175 iteration 30: 0.3603258430957794
Epoch 175 iteration 40: 0.38300248980522156
Epoch 176 iteration 0: 0.4124482274055481
Epoch 176 iteration 10: 0.40482985973358154
Epoch 176 iteration 20: 0.36885783076286316
Epoch 176 iteration 30: 0.39167681336402893
Epoch 176 iteration 40: 0.3586074113845825
Epoch 177 iteration 0: 0.37522703409194946
Epoch 177 iteration 10: 0.36324214935302734
Epoch 177 iteration 20: 0.3588869869709015
Epoch 177 iteration 30: 0.38443952798843384
Epoch 177 iteration 40: 0.39415234327316284
Epoch 178 iteration 0: 0.37145912647247314
Epoch 178 iteration 10: 0.38030916452407837
Epoch 178 iteration 20: 0.3875642716884613
Epoch 178 iteration 30: 0.3806912899017334
Epoch 178 iteration 40: 0.38905590772628784
Epoch 179 iteration 0: 0.3672150671482086
Epoch 179 iteration 10: 0.3733289837837219
Epoch 179 iteration 20: 0.34120115637779236
Epoch 179 iteration 30: 0.3918309509754181
Epoch 179 iteration 40: 0.36914148926734924
Epoch 180 iteration 0: 0.40026918053627014
Epoch 180 iteration 10: 0.3678026497364044
Epoch 180 iteration 20: 0.39918380975723267
Epoch 180 iteration 30: 0.3795645534992218
Epoch 180 iteration 40: 0.36955732107162476

Evaluating...

  0%|          | 0/6040 [00:00<?, ?it/s]
  5%|▌         | 309/6040 [00:05<01:32, 61.76it/s]
 10%|█         | 618/6040 [00:10<01:28, 61.25it/s]
 15%|█▌        | 927/6040 [00:15<01:23, 61.49it/s]
 20%|██        | 1235/6040 [00:20<01:20, 59.40it/s]
 25%|██▌       | 1533/6040 [00:25<01:16, 59.27it/s]
 30%|███       | 1838/6040 [00:30<01:10, 59.83it/s]
 35%|███▌      | 2138/6040 [00:35<01:05, 59.74it/s]
 41%|████      | 2450/6040 [00:40<00:59, 60.57it/s]
 46%|████▌     | 2754/6040 [00:45<00:54, 60.59it/s]
 51%|█████     | 3058/6040 [00:51<00:50, 58.56it/s]
 55%|█████▌    | 3352/6040 [00:56<00:46, 57.43it/s]
 60%|██████    | 3651/6040 [01:01<00:41, 58.08it/s]
 66%|██████▌   | 3957/6040 [01:06<00:35, 58.96it/s]
 71%|███████   | 4261/6040 [01:11<00:29, 59.47it/s]
 76%|███████▌  | 4569/6040 [01:16<00:24, 60.05it/s]
 81%|████████  | 4870/6040 [01:21<00:19, 58.95it/s]
 86%|████████▌ | 5171/6040 [01:26<00:14, 59.30it/s]
 91%|█████████ | 5473/6040 [01:31<00:09, 59.60it/s]
 96%|█████████▌| 5772/6040 [01:37<00:04, 59.24it/s]
100%|██████████| 6040/6040 [01:41<00:00, 59.50it/s]
Epoch:180, time: 273.841316(s) 
valid (NDCG@10: 0.5991, HR@10: 0.8296)

  0%|          | 0/6040 [00:00<?, ?it/s]
  5%|▍         | 282/6040 [00:05<01:42, 56.22it/s]
 10%|▉         | 577/6040 [00:10<01:34, 57.76it/s]
 15%|█▍        | 886/6040 [00:15<01:26, 59.58it/s]
 20%|█▉        | 1185/6040 [00:20<01:21, 59.63it/s]
 25%|██▍       | 1488/6040 [00:25<01:15, 59.95it/s]
 30%|██▉       | 1790/6040 [00:30<01:10, 60.08it/s]
 35%|███▍      | 2091/6040 [00:35<01:07, 58.54it/s]
 39%|███▉      | 2385/6040 [00:40<01:02, 58.56it/s]
 45%|████▍     | 2692/6040 [00:45<00:56, 59.42it/s]
 50%|████▉     | 2998/6040 [00:50<00:50, 59.96it/s]
 55%|█████▍    | 3307/6040 [00:55<00:45, 60.49it/s]
 60%|█████▉    | 3610/6040 [01:00<00:40, 59.91it/s]
 65%|██████▍   | 3910/6040 [01:05<00:35, 59.50it/s]
 70%|██████▉   | 4208/6040 [01:10<00:31, 58.93it/s]
 75%|███████▍  | 4505/6040 [01:15<00:26, 59.02it/s]
 80%|███████▉  | 4809/6040 [01:20<00:20, 59.54it/s]
 85%|████████▍ | 5107/6040 [01:26<00:15, 59.35it/s]
 89%|████████▉ | 5404/6040 [01:31<00:10, 59.22it/s]
 94%|█████████▍| 5701/6040 [01:36<00:05, 58.09it/s]
 99%|█████████▉| 6003/6040 [01:41<00:00, 58.74it/s]
100%|██████████| 6040/6040 [01:42<00:00, 59.20it/s]test (NDCG@10: 0.5718, HR@10: 0.7987)
Epoch 181 iteration 0: 0.374362975358963
Epoch 181 iteration 10: 0.3816530108451843
Epoch 181 iteration 20: 0.3836163282394409
Epoch 181 iteration 30: 0.37601423263549805
Epoch 181 iteration 40: 0.38486117124557495
Epoch 182 iteration 0: 0.36333879828453064
Epoch 182 iteration 10: 0.38381141424179077
Epoch 182 iteration 20: 0.3676941990852356
Epoch 182 iteration 30: 0.36789754033088684
Epoch 182 iteration 40: 0.3555644750595093
Epoch 183 iteration 0: 0.40656864643096924
Epoch 183 iteration 10: 0.33867147564888
Epoch 183 iteration 20: 0.3446235656738281
Epoch 183 iteration 30: 0.3644936680793762
Epoch 183 iteration 40: 0.36523568630218506
Epoch 184 iteration 0: 0.3495616614818573
Epoch 184 iteration 10: 0.35293206572532654
Epoch 184 iteration 20: 0.3632197082042694
Epoch 184 iteration 30: 0.4014650583267212
Epoch 184 iteration 40: 0.36964961886405945
Epoch 185 iteration 0: 0.36686810851097107
Epoch 185 iteration 10: 0.36075064539909363
Epoch 185 iteration 20: 0.39340463280677795
Epoch 185 iteration 30: 0.3877643048763275
Epoch 185 iteration 40: 0.37666940689086914
Epoch 186 iteration 0: 0.36432886123657227
Epoch 186 iteration 10: 0.36364057660102844
Epoch 186 iteration 20: 0.3713308870792389
Epoch 186 iteration 30: 0.38084232807159424
Epoch 186 iteration 40: 0.36485692858695984
Epoch 187 iteration 0: 0.3703382909297943
Epoch 187 iteration 10: 0.3667200803756714
Epoch 187 iteration 20: 0.4069429636001587
Epoch 187 iteration 30: 0.3802778422832489
Epoch 187 iteration 40: 0.36971884965896606
Epoch 188 iteration 0: 0.38440555334091187
Epoch 188 iteration 10: 0.34791114926338196
Epoch 188 iteration 20: 0.3971795439720154
Epoch 188 iteration 30: 0.3916540741920471
Epoch 188 iteration 40: 0.3728106915950775
Epoch 189 iteration 0: 0.3539283871650696
Epoch 189 iteration 10: 0.3984290063381195
Epoch 189 iteration 20: 0.3911401629447937
Epoch 189 iteration 30: 0.384773850440979
Epoch 189 iteration 40: 0.3675366938114166
Epoch 190 iteration 0: 0.35970041155815125
Epoch 190 iteration 10: 0.37822285294532776
Epoch 190 iteration 20: 0.38720181584358215
Epoch 190 iteration 30: 0.39203718304634094
Epoch 190 iteration 40: 0.39264950156211853
Epoch 191 iteration 0: 0.387577086687088
Epoch 191 iteration 10: 0.37763863801956177
Epoch 191 iteration 20: 0.3709406554698944
Epoch 191 iteration 30: 0.37450650334358215
Epoch 191 iteration 40: 0.36108842492103577
Epoch 192 iteration 0: 0.36681267619132996
Epoch 192 iteration 10: 0.3860830068588257
Epoch 192 iteration 20: 0.4057765305042267
Epoch 192 iteration 30: 0.3730538785457611
Epoch 192 iteration 40: 0.3947773575782776
Epoch 193 iteration 0: 0.3480375409126282
Epoch 193 iteration 10: 0.35662510991096497
Epoch 193 iteration 20: 0.39120927453041077
Epoch 193 iteration 30: 0.39855799078941345
Epoch 193 iteration 40: 0.3882739245891571
Epoch 194 iteration 0: 0.3460417687892914
Epoch 194 iteration 10: 0.3718707263469696
Epoch 194 iteration 20: 0.3745705187320709
Epoch 194 iteration 30: 0.3625488877296448
Epoch 194 iteration 40: 0.370935320854187
Epoch 195 iteration 0: 0.3982800841331482
Epoch 195 iteration 10: 0.36428752541542053
Epoch 195 iteration 20: 0.37750399112701416
Epoch 195 iteration 30: 0.34483101963996887
Epoch 195 iteration 40: 0.3708420693874359
Epoch 196 iteration 0: 0.3815074861049652
Epoch 196 iteration 10: 0.38589560985565186
Epoch 196 iteration 20: 0.37307509779930115
Epoch 196 iteration 30: 0.37981295585632324
Epoch 196 iteration 40: 0.35709425806999207
Epoch 197 iteration 0: 0.3856026828289032
Epoch 197 iteration 10: 0.38283491134643555
Epoch 197 iteration 20: 0.346084326505661
Epoch 197 iteration 30: 0.3756590485572815
Epoch 197 iteration 40: 0.354316383600235
Epoch 198 iteration 0: 0.3628484010696411
Epoch 198 iteration 10: 0.36751359701156616
Epoch 198 iteration 20: 0.37330564856529236
Epoch 198 iteration 30: 0.364758163690567
Epoch 198 iteration 40: 0.37694767117500305
Epoch 199 iteration 0: 0.3618508577346802
Epoch 199 iteration 10: 0.3744567632675171
Epoch 199 iteration 20: 0.3806845545768738
Epoch 199 iteration 30: 0.39304131269454956
Epoch 199 iteration 40: 0.37730392813682556
Epoch 200 iteration 0: 0.376284122467041
Epoch 200 iteration 10: 0.3907003104686737
Epoch 200 iteration 20: 0.3738844692707062
Epoch 200 iteration 30: 0.3708801865577698
Epoch 200 iteration 40: 0.3729144334793091

Evaluating...

  0%|          | 0/6040 [00:00<?, ?it/s]
  5%|▍         | 298/6040 [00:05<01:36, 59.53it/s]
 10%|█         | 604/6040 [00:10<01:29, 60.48it/s]
 15%|█▌        | 907/6040 [00:15<01:26, 59.39it/s]
 20%|█▉        | 1205/6040 [00:20<01:21, 59.15it/s]
 25%|██▍       | 1507/6040 [00:25<01:16, 59.57it/s]
 30%|██▉       | 1805/6040 [00:30<01:11, 59.08it/s]
 35%|███▌      | 2115/6040 [00:35<01:05, 59.97it/s]
 40%|███▉      | 2415/6040 [00:40<01:00, 59.85it/s]
 45%|████▍     | 2715/6040 [00:45<00:56, 58.56it/s]
 50%|████▉     | 3009/6040 [00:50<00:51, 58.30it/s]
 55%|█████▍    | 3301/6040 [00:56<00:47, 57.92it/s]
 60%|█████▉    | 3601/6040 [01:01<00:41, 58.53it/s]
 65%|██████▍   | 3897/6040 [01:06<00:36, 58.70it/s]
 70%|██████▉   | 4209/6040 [01:11<00:30, 59.78it/s]
 75%|███████▍  | 4509/6040 [01:16<00:26, 57.54it/s]
 80%|███████▉  | 4816/6040 [01:21<00:20, 58.62it/s]
 85%|████████▍ | 5126/6040 [01:26<00:15, 59.60it/s]
 90%|████████▉ | 5426/6040 [01:31<00:10, 59.71it/s]
 95%|█████████▍| 5737/6040 [01:36<00:05, 60.40it/s]
100%|██████████| 6040/6040 [01:41<00:00, 60.16it/s]
100%|██████████| 6040/6040 [01:41<00:00, 59.30it/s]
Epoch:200, time: 303.760729(s) 
valid (NDCG@10: 0.5984, HR@10: 0.8286)

  0%|          | 0/6040 [00:00<?, ?it/s]
  5%|▍         | 288/6040 [00:05<01:39, 57.56it/s]
 10%|▉         | 593/6040 [00:10<01:31, 59.48it/s]
 15%|█▍        | 898/6040 [00:15<01:25, 60.14it/s]
 20%|█▉        | 1202/6040 [00:20<01:20, 60.38it/s]
 25%|██▍       | 1504/6040 [00:25<01:16, 59.52it/s]
 30%|██▉       | 1802/6040 [00:30<01:12, 58.13it/s]
 35%|███▍      | 2107/6040 [00:35<01:06, 59.02it/s]
 40%|███▉      | 2403/6040 [00:40<01:02, 58.66it/s]
 45%|████▍     | 2697/6040 [00:45<00:56, 58.68it/s]
 50%|████▉     | 2991/6040 [00:50<00:52, 58.51it/s]
 54%|█████▍    | 3284/6040 [00:55<00:47, 58.26it/s]
 59%|█████▉    | 3576/6040 [01:00<00:42, 58.10it/s]
 64%|██████▍   | 3867/6040 [01:05<00:37, 58.00it/s]
 69%|██████▉   | 4158/6040 [01:11<00:32, 57.74it/s]
 74%|███████▎  | 4447/6040 [01:16<00:27, 57.47it/s]
 78%|███████▊  | 4736/6040 [01:21<00:22, 57.51it/s]
 83%|████████▎ | 5024/6040 [01:26<00:17, 56.67it/s]
 88%|████████▊ | 5308/6040 [01:31<00:13, 55.93it/s]
 93%|█████████▎| 5594/6040 [01:36<00:07, 56.30it/s]
 97%|█████████▋| 5880/6040 [01:41<00:02, 56.54it/s]
100%|██████████| 6040/6040 [01:44<00:00, 57.78it/s]test (NDCG@10: 0.5743, HR@10: 0.8048)
Epoch 201 iteration 0: 0.34168264269828796
Epoch 201 iteration 10: 0.3725173771381378
Epoch 201 iteration 20: 0.366536945104599
Epoch 201 iteration 30: 0.3866400420665741
Epoch 201 iteration 40: 0.3547270894050598
Epoch 202 iteration 0: 0.352191299200058
Epoch 202 iteration 10: 0.37045273184776306
Epoch 202 iteration 20: 0.38991260528564453
Epoch 202 iteration 30: 0.39277341961860657
Epoch 202 iteration 40: 0.3797987401485443
Epoch 203 iteration 0: 0.39324432611465454
Epoch 203 iteration 10: 0.35079526901245117
Epoch 203 iteration 20: 0.3773731589317322
Epoch 203 iteration 30: 0.37338095903396606
Epoch 203 iteration 40: 0.3800535798072815
Epoch 204 iteration 0: 0.3686833083629608
Epoch 204 iteration 10: 0.36623716354370117
Epoch 204 iteration 20: 0.38290342688560486
Epoch 204 iteration 30: 0.38195735216140747
Epoch 204 iteration 40: 0.3991294205188751
Epoch 205 iteration 0: 0.38587304949760437
Epoch 205 iteration 10: 0.396815687417984
Epoch 205 iteration 20: 0.36870113015174866
Epoch 205 iteration 30: 0.3625035881996155
Epoch 205 iteration 40: 0.3611883223056793
Epoch 206 iteration 0: 0.3860323131084442
Epoch 206 iteration 10: 0.3677671551704407
Epoch 206 iteration 20: 0.3680647015571594
Epoch 206 iteration 30: 0.37946778535842896
Epoch 206 iteration 40: 0.37321898341178894
Epoch 207 iteration 0: 0.36684978008270264
Epoch 207 iteration 10: 0.36500442028045654
Epoch 207 iteration 20: 0.3705126643180847
Epoch 207 iteration 30: 0.36406177282333374
Epoch 207 iteration 40: 0.3642590343952179
Epoch 208 iteration 0: 0.35785987973213196
Epoch 208 iteration 10: 0.3664785325527191
Epoch 208 iteration 20: 0.3733968734741211
Epoch 208 iteration 30: 0.36379241943359375
Epoch 208 iteration 40: 0.37984558939933777
Epoch 209 iteration 0: 0.37264373898506165
Epoch 209 iteration 10: 0.36060434579849243
Epoch 209 iteration 20: 0.36696094274520874
Epoch 209 iteration 30: 0.37187737226486206
Epoch 209 iteration 40: 0.3710693418979645
Epoch 210 iteration 0: 0.3707968294620514
Epoch 210 iteration 10: 0.35733741521835327
Epoch 210 iteration 20: 0.3589998781681061
Epoch 210 iteration 30: 0.3787957429885864
Epoch 210 iteration 40: 0.3741937577724457
Epoch 211 iteration 0: 0.3985084295272827
Epoch 211 iteration 10: 0.35205480456352234
Epoch 211 iteration 20: 0.3816507160663605
Epoch 211 iteration 30: 0.3957715630531311
Epoch 211 iteration 40: 0.3602452576160431

Done
